2025-11-12 21:01:59 [background-preinit] INFO  o.h.validator.internal.util.Version - HV000001: Hibernate Validator 8.0.3.Final
2025-11-12 21:01:59 [restartedMain] INFO  c.e.e.EmployeeManagementApplication - Starting EmployeeManagementApplication using Java 17.0.12 with PID 10980 (D:\InternJava\Miniproject\employee-management\target\classes started by toan in D:\InternJava\Miniproject\employee-management)
2025-11-12 21:01:59 [restartedMain] DEBUG c.e.e.EmployeeManagementApplication - Running with Spring Boot v3.5.7, Spring v6.2.12
2025-11-12 21:01:59 [restartedMain] INFO  c.e.e.EmployeeManagementApplication - The following 1 profile is active: "dev"
2025-11-12 21:01:59 [restartedMain] INFO  o.s.b.d.e.DevToolsPropertyDefaultsPostProcessor - Devtools property defaults active! Set 'spring.devtools.add-properties' to 'false' to disable
2025-11-12 21:01:59 [restartedMain] INFO  o.s.b.d.e.DevToolsPropertyDefaultsPostProcessor - For additional web related logging consider setting the 'logging.level.web' property to 'DEBUG'
2025-11-12 21:02:02 [restartedMain] INFO  o.s.d.r.c.RepositoryConfigurationDelegate - Bootstrapping Spring Data JPA repositories in DEFAULT mode.
2025-11-12 21:02:02 [restartedMain] INFO  o.s.d.r.c.RepositoryConfigurationDelegate - Finished Spring Data repository scanning in 92 ms. Found 3 JPA repository interfaces.
2025-11-12 21:02:03 [restartedMain] INFO  o.s.b.w.e.tomcat.TomcatWebServer - Tomcat initialized with port 8080 (http)
2025-11-12 21:02:04 [restartedMain] INFO  o.a.coyote.http11.Http11NioProtocol - Initializing ProtocolHandler ["http-nio-8080"]
2025-11-12 21:02:04 [restartedMain] INFO  o.a.catalina.core.StandardService - Starting service [Tomcat]
2025-11-12 21:02:04 [restartedMain] INFO  o.a.catalina.core.StandardEngine - Starting Servlet engine: [Apache Tomcat/10.1.48]
2025-11-12 21:02:04 [restartedMain] INFO  o.a.c.c.C.[Tomcat].[localhost].[/] - Initializing Spring embedded WebApplicationContext
2025-11-12 21:02:04 [restartedMain] INFO  o.s.b.w.s.c.ServletWebServerApplicationContext - Root WebApplicationContext: initialization completed in 4223 ms
2025-11-12 21:02:04 [restartedMain] INFO  o.h.jpa.internal.util.LogHelper - HHH000204: Processing PersistenceUnitInfo [name: default]
2025-11-12 21:02:05 [restartedMain] INFO  org.hibernate.Version - HHH000412: Hibernate ORM core version 6.6.33.Final
2025-11-12 21:02:05 [restartedMain] INFO  o.h.c.i.RegionFactoryInitiator - HHH000026: Second-level cache disabled
2025-11-12 21:02:05 [restartedMain] INFO  o.s.o.j.p.SpringPersistenceUnitInfo - No LoadTimeWeaver setup: ignoring JPA class transformer
2025-11-12 21:02:05 [restartedMain] INFO  com.zaxxer.hikari.HikariDataSource - HikariPool-1 - Starting...
2025-11-12 21:02:06 [restartedMain] INFO  com.zaxxer.hikari.pool.HikariPool - HikariPool-1 - Added connection com.mysql.cj.jdbc.ConnectionImpl@2ff923d8
2025-11-12 21:02:06 [restartedMain] INFO  com.zaxxer.hikari.HikariDataSource - HikariPool-1 - Start completed.
2025-11-12 21:02:07 [restartedMain] WARN  org.hibernate.orm.deprecation - HHH90000025: MySQL8Dialect does not need to be specified explicitly using 'hibernate.dialect' (remove the property setting and it will be selected by default)
2025-11-12 21:02:07 [restartedMain] WARN  org.hibernate.orm.deprecation - HHH90000026: MySQL8Dialect has been deprecated; use org.hibernate.dialect.MySQLDialect instead
2025-11-12 21:02:07 [restartedMain] INFO  o.hibernate.orm.connections.pooling - HHH10001005: Database info:
	Database JDBC URL [Connecting through datasource 'HikariDataSource (HikariPool-1)']
	Database driver: undefined/unknown
	Database version: 8.0
	Autocommit mode: undefined/unknown
	Isolation level: undefined/unknown
	Minimum pool size: undefined/unknown
	Maximum pool size: undefined/unknown
2025-11-12 21:02:09 [restartedMain] INFO  o.h.e.t.j.p.i.JtaPlatformInitiator - HHH000489: No JTA platform available (set 'hibernate.transaction.jta.platform' to enable JTA platform integration)
2025-11-12 21:02:09 [restartedMain] INFO  o.s.o.j.LocalContainerEntityManagerFactoryBean - Initialized JPA EntityManagerFactory for persistence unit 'default'
2025-11-12 21:02:10 [restartedMain] DEBUG c.e.e.config.JwtAuthenticationFilter - Filter 'jwtAuthenticationFilter' configured for use
2025-11-12 21:02:10 [restartedMain] WARN  o.s.b.a.o.j.JpaBaseConfiguration$JpaWebConfiguration - spring.jpa.open-in-view is enabled by default. Therefore, database queries may be performed during view rendering. Explicitly configure spring.jpa.open-in-view to disable this warning
2025-11-12 21:02:10 [restartedMain] INFO  o.s.s.c.a.a.c.InitializeUserDetailsBeanManagerConfigurer$InitializeUserDetailsManagerConfigurer - Global AuthenticationManager configured with UserDetailsService bean with name customUserDetailsService
2025-11-12 21:02:12 [restartedMain] INFO  o.s.b.a.e.web.EndpointLinksResolver - Exposing 13 endpoints beneath base path '/actuator'
2025-11-12 21:02:13 [restartedMain] INFO  o.s.b.d.a.OptionalLiveReloadServer - LiveReload server is running on port 35729
2025-11-12 21:02:13 [restartedMain] INFO  o.a.coyote.http11.Http11NioProtocol - Starting ProtocolHandler ["http-nio-8080"]
2025-11-12 21:02:13 [restartedMain] INFO  o.s.b.w.e.tomcat.TomcatWebServer - Tomcat started on port 8080 (http) with context path '/'
2025-11-12 21:02:13 [restartedMain] INFO  c.e.e.EmployeeManagementApplication - Started EmployeeManagementApplication in 15.196 seconds (process running for 16.549)
2025-11-12 21:02:14 [RMI TCP Connection(4)-127.0.0.1] INFO  o.a.c.c.C.[Tomcat].[localhost].[/] - Initializing Spring DispatcherServlet 'dispatcherServlet'
2025-11-12 21:02:14 [RMI TCP Connection(4)-127.0.0.1] INFO  o.s.web.servlet.DispatcherServlet - Initializing Servlet 'dispatcherServlet'
2025-11-12 21:02:14 [RMI TCP Connection(4)-127.0.0.1] INFO  o.s.web.servlet.DispatcherServlet - Completed initialization in 5 ms
2025-11-12 21:02:14 [scheduling-1] INFO  c.e.e.service.EmployeeScheduler - Tổng số nhân viên hiện tại: 5
2025-11-12 21:02:14 [scheduling-1] INFO  c.e.e.service.EmployeeScheduler - System running
2025-11-12 21:02:43 [scheduling-1] INFO  c.e.e.service.EmployeeScheduler - System running
2025-11-12 21:03:10 [http-nio-8080-exec-2] WARN  o.s.w.s.m.m.a.ExceptionHandlerExceptionResolver - Resolved [org.springframework.web.HttpRequestMethodNotSupportedException: Request method 'GET' is not supported]
2025-11-12 21:03:13 [scheduling-1] INFO  c.e.e.service.EmployeeScheduler - Tổng số nhân viên hiện tại: 5
2025-11-12 21:03:13 [scheduling-1] INFO  c.e.e.service.EmployeeScheduler - System running
2025-11-12 21:03:43 [scheduling-1] INFO  c.e.e.service.EmployeeScheduler - System running
2025-11-12 21:03:45 [http-nio-8080-exec-6] WARN  o.s.s.c.bcrypt.BCryptPasswordEncoder - Encoded password does not look like BCrypt
2025-11-12 21:03:45 [http-nio-8080-exec-6] WARN  o.s.s.c.bcrypt.BCryptPasswordEncoder - Encoded password does not look like BCrypt
2025-11-12 21:03:55 [http-nio-8080-exec-7] WARN  o.s.s.c.bcrypt.BCryptPasswordEncoder - Encoded password does not look like BCrypt
2025-11-12 21:03:55 [http-nio-8080-exec-7] WARN  o.s.s.c.bcrypt.BCryptPasswordEncoder - Encoded password does not look like BCrypt
2025-11-12 21:04:13 [scheduling-1] INFO  c.e.e.service.EmployeeScheduler - Tổng số nhân viên hiện tại: 5
2025-11-12 21:04:13 [scheduling-1] INFO  c.e.e.service.EmployeeScheduler - System running
2025-11-12 21:04:43 [scheduling-1] INFO  c.e.e.service.EmployeeScheduler - System running
2025-11-12 21:05:13 [scheduling-1] INFO  c.e.e.service.EmployeeScheduler - Tổng số nhân viên hiện tại: 5
2025-11-12 21:05:13 [scheduling-1] INFO  c.e.e.service.EmployeeScheduler - System running
2025-11-12 21:05:43 [scheduling-1] INFO  c.e.e.service.EmployeeScheduler - System running
2025-11-12 21:06:13 [scheduling-1] INFO  c.e.e.service.EmployeeScheduler - Tổng số nhân viên hiện tại: 5
2025-11-12 21:06:13 [scheduling-1] INFO  c.e.e.service.EmployeeScheduler - System running
2025-11-12 21:06:43 [scheduling-1] INFO  c.e.e.service.EmployeeScheduler - System running
2025-11-12 21:07:13 [scheduling-1] INFO  c.e.e.service.EmployeeScheduler - Tổng số nhân viên hiện tại: 5
2025-11-12 21:07:13 [scheduling-1] INFO  c.e.e.service.EmployeeScheduler - System running
2025-11-12 21:07:43 [scheduling-1] INFO  c.e.e.service.EmployeeScheduler - System running
2025-11-12 21:08:13 [scheduling-1] INFO  c.e.e.service.EmployeeScheduler - Tổng số nhân viên hiện tại: 5
2025-11-12 21:08:13 [scheduling-1] INFO  c.e.e.service.EmployeeScheduler - System running
2025-11-12 21:08:43 [scheduling-1] INFO  c.e.e.service.EmployeeScheduler - System running
2025-11-12 21:09:13 [scheduling-1] INFO  c.e.e.service.EmployeeScheduler - Tổng số nhân viên hiện tại: 5
2025-11-12 21:09:13 [scheduling-1] INFO  c.e.e.service.EmployeeScheduler - System running
2025-11-12 21:09:43 [scheduling-1] INFO  c.e.e.service.EmployeeScheduler - System running
2025-11-12 21:10:13 [scheduling-1] INFO  c.e.e.service.EmployeeScheduler - Tổng số nhân viên hiện tại: 5
2025-11-12 21:10:13 [scheduling-1] INFO  c.e.e.service.EmployeeScheduler - System running
2025-11-12 21:10:43 [scheduling-1] INFO  c.e.e.service.EmployeeScheduler - System running
2025-11-12 21:11:13 [scheduling-1] INFO  c.e.e.service.EmployeeScheduler - Tổng số nhân viên hiện tại: 5
2025-11-12 21:11:13 [scheduling-1] INFO  c.e.e.service.EmployeeScheduler - System running
2025-11-12 21:11:43 [scheduling-1] INFO  c.e.e.service.EmployeeScheduler - System running
2025-11-12 21:12:13 [scheduling-1] INFO  c.e.e.service.EmployeeScheduler - Tổng số nhân viên hiện tại: 5
2025-11-12 21:12:13 [scheduling-1] INFO  c.e.e.service.EmployeeScheduler - System running
2025-11-12 21:12:43 [scheduling-1] INFO  c.e.e.service.EmployeeScheduler - System running
2025-11-12 21:13:13 [scheduling-1] INFO  c.e.e.service.EmployeeScheduler - Tổng số nhân viên hiện tại: 5
2025-11-12 21:13:13 [scheduling-1] INFO  c.e.e.service.EmployeeScheduler - System running
2025-11-12 21:13:43 [scheduling-1] INFO  c.e.e.service.EmployeeScheduler - System running
2025-11-12 21:14:13 [scheduling-1] INFO  c.e.e.service.EmployeeScheduler - Tổng số nhân viên hiện tại: 5
2025-11-12 21:14:13 [scheduling-1] INFO  c.e.e.service.EmployeeScheduler - System running
2025-11-12 21:14:43 [scheduling-1] INFO  c.e.e.service.EmployeeScheduler - System running
2025-11-12 21:15:13 [scheduling-1] INFO  c.e.e.service.EmployeeScheduler - Tổng số nhân viên hiện tại: 5
2025-11-12 21:15:13 [scheduling-1] INFO  c.e.e.service.EmployeeScheduler - System running
2025-11-12 21:15:36 [File Watcher] INFO  o.s.b.d.a.LocalDevToolsAutoConfiguration$RestartingClassPathChangeChangedEventListener - Restarting due to 4 class path changes (1 addition, 0 deletions, 3 modifications)
2025-11-12 21:15:36 [Thread-5] INFO  o.s.b.w.e.tomcat.GracefulShutdown - Commencing graceful shutdown. Waiting for active requests to complete
2025-11-12 21:15:36 [tomcat-shutdown] INFO  o.a.coyote.http11.Http11NioProtocol - Pausing ProtocolHandler ["http-nio-8080"]
2025-11-12 21:15:36 [tomcat-shutdown] INFO  o.s.b.w.e.tomcat.GracefulShutdown - Graceful shutdown complete
2025-11-12 21:15:36 [Thread-5] INFO  o.a.coyote.http11.Http11NioProtocol - Stopping ProtocolHandler ["http-nio-8080"]
2025-11-12 21:15:36 [Thread-5] INFO  o.s.o.j.LocalContainerEntityManagerFactoryBean - Closing JPA EntityManagerFactory for persistence unit 'default'
2025-11-12 21:15:36 [Thread-5] INFO  com.zaxxer.hikari.HikariDataSource - HikariPool-1 - Shutdown initiated...
2025-11-12 21:15:36 [Thread-5] INFO  com.zaxxer.hikari.HikariDataSource - HikariPool-1 - Shutdown completed.
2025-11-12 21:15:36 [restartedMain] INFO  c.e.e.EmployeeManagementApplication - Starting EmployeeManagementApplication using Java 17.0.12 with PID 10980 (D:\InternJava\Miniproject\employee-management\target\classes started by toan in D:\InternJava\Miniproject\employee-management)
2025-11-12 21:15:36 [restartedMain] DEBUG c.e.e.EmployeeManagementApplication - Running with Spring Boot v3.5.7, Spring v6.2.12
2025-11-12 21:15:36 [restartedMain] INFO  c.e.e.EmployeeManagementApplication - The following 1 profile is active: "dev"
2025-11-12 21:15:37 [restartedMain] INFO  o.s.d.r.c.RepositoryConfigurationDelegate - Bootstrapping Spring Data JPA repositories in DEFAULT mode.
2025-11-12 21:15:37 [restartedMain] INFO  o.s.d.r.c.RepositoryConfigurationDelegate - Finished Spring Data repository scanning in 22 ms. Found 3 JPA repository interfaces.
2025-11-12 21:15:37 [restartedMain] INFO  o.s.b.w.e.tomcat.TomcatWebServer - Tomcat initialized with port 8080 (http)
2025-11-12 21:15:37 [restartedMain] INFO  o.a.coyote.http11.Http11NioProtocol - Initializing ProtocolHandler ["http-nio-8080"]
2025-11-12 21:15:37 [restartedMain] INFO  o.a.catalina.core.StandardService - Starting service [Tomcat]
2025-11-12 21:15:37 [restartedMain] INFO  o.a.catalina.core.StandardEngine - Starting Servlet engine: [Apache Tomcat/10.1.48]
2025-11-12 21:15:37 [restartedMain] INFO  o.a.c.c.C.[Tomcat].[localhost].[/] - Initializing Spring embedded WebApplicationContext
2025-11-12 21:15:37 [restartedMain] INFO  o.s.b.w.s.c.ServletWebServerApplicationContext - Root WebApplicationContext: initialization completed in 961 ms
2025-11-12 21:15:37 [restartedMain] INFO  o.h.jpa.internal.util.LogHelper - HHH000204: Processing PersistenceUnitInfo [name: default]
2025-11-12 21:15:37 [restartedMain] INFO  o.h.c.i.RegionFactoryInitiator - HHH000026: Second-level cache disabled
2025-11-12 21:15:37 [restartedMain] INFO  o.s.o.j.p.SpringPersistenceUnitInfo - No LoadTimeWeaver setup: ignoring JPA class transformer
2025-11-12 21:15:37 [restartedMain] INFO  com.zaxxer.hikari.HikariDataSource - HikariPool-2 - Starting...
2025-11-12 21:15:37 [restartedMain] INFO  com.zaxxer.hikari.pool.HikariPool - HikariPool-2 - Added connection com.mysql.cj.jdbc.ConnectionImpl@5f0a120b
2025-11-12 21:15:37 [restartedMain] INFO  com.zaxxer.hikari.HikariDataSource - HikariPool-2 - Start completed.
2025-11-12 21:15:37 [restartedMain] WARN  org.hibernate.orm.deprecation - HHH90000025: MySQL8Dialect does not need to be specified explicitly using 'hibernate.dialect' (remove the property setting and it will be selected by default)
2025-11-12 21:15:37 [restartedMain] WARN  org.hibernate.orm.deprecation - HHH90000026: MySQL8Dialect has been deprecated; use org.hibernate.dialect.MySQLDialect instead
2025-11-12 21:15:37 [restartedMain] INFO  o.hibernate.orm.connections.pooling - HHH10001005: Database info:
	Database JDBC URL [Connecting through datasource 'HikariDataSource (HikariPool-2)']
	Database driver: undefined/unknown
	Database version: 8.0
	Autocommit mode: undefined/unknown
	Isolation level: undefined/unknown
	Minimum pool size: undefined/unknown
	Maximum pool size: undefined/unknown
2025-11-12 21:15:38 [restartedMain] INFO  o.h.e.t.j.p.i.JtaPlatformInitiator - HHH000489: No JTA platform available (set 'hibernate.transaction.jta.platform' to enable JTA platform integration)
2025-11-12 21:15:38 [restartedMain] INFO  o.s.o.j.LocalContainerEntityManagerFactoryBean - Initialized JPA EntityManagerFactory for persistence unit 'default'
2025-11-12 21:15:38 [restartedMain] DEBUG c.e.e.config.JwtAuthenticationFilter - Filter 'jwtAuthenticationFilter' configured for use
2025-11-12 21:15:38 [restartedMain] WARN  o.s.b.a.o.j.JpaBaseConfiguration$JpaWebConfiguration - spring.jpa.open-in-view is enabled by default. Therefore, database queries may be performed during view rendering. Explicitly configure spring.jpa.open-in-view to disable this warning
2025-11-12 21:15:38 [restartedMain] INFO  o.s.s.c.a.a.c.InitializeUserDetailsBeanManagerConfigurer$InitializeUserDetailsManagerConfigurer - Global AuthenticationManager configured with UserDetailsService bean with name customUserDetailsService
2025-11-12 21:15:38 [restartedMain] INFO  o.s.b.a.e.web.EndpointLinksResolver - Exposing 13 endpoints beneath base path '/actuator'
2025-11-12 21:15:38 [restartedMain] INFO  o.s.b.d.a.OptionalLiveReloadServer - LiveReload server is running on port 35729
2025-11-12 21:15:38 [restartedMain] INFO  o.a.coyote.http11.Http11NioProtocol - Starting ProtocolHandler ["http-nio-8080"]
2025-11-12 21:15:38 [restartedMain] INFO  o.s.b.w.e.tomcat.TomcatWebServer - Tomcat started on port 8080 (http) with context path '/'
2025-11-12 21:15:38 [restartedMain] INFO  c.e.e.EmployeeManagementApplication - Started EmployeeManagementApplication in 2.326 seconds (process running for 821.764)
2025-11-12 21:15:38 [restartedMain] INFO  o.s.b.d.a.ConditionEvaluationDeltaLoggingListener - Condition evaluation unchanged
2025-11-12 21:15:38 [scheduling-1] INFO  c.e.e.service.EmployeeScheduler - Tổng số nhân viên hiện tại: 5
2025-11-12 21:15:38 [scheduling-1] INFO  c.e.e.service.EmployeeScheduler - System running
2025-11-12 21:16:08 [scheduling-1] INFO  c.e.e.service.EmployeeScheduler - System running
2025-11-12 21:16:09 [http-nio-8080-exec-1] INFO  o.a.c.c.C.[Tomcat].[localhost].[/] - Initializing Spring DispatcherServlet 'dispatcherServlet'
2025-11-12 21:16:09 [http-nio-8080-exec-1] INFO  o.s.web.servlet.DispatcherServlet - Initializing Servlet 'dispatcherServlet'
2025-11-12 21:16:09 [http-nio-8080-exec-1] INFO  o.s.web.servlet.DispatcherServlet - Completed initialization in 7 ms
2025-11-12 21:16:32 [http-nio-8080-exec-5] WARN  o.s.w.s.m.m.a.ExceptionHandlerExceptionResolver - Resolved [org.springframework.web.HttpRequestMethodNotSupportedException: Request method 'GET' is not supported]
2025-11-12 21:16:38 [scheduling-1] INFO  c.e.e.service.EmployeeScheduler - Tổng số nhân viên hiện tại: 5
2025-11-12 21:16:38 [scheduling-1] INFO  c.e.e.service.EmployeeScheduler - System running
2025-11-12 21:17:08 [scheduling-1] INFO  c.e.e.service.EmployeeScheduler - System running
2025-11-12 21:17:38 [scheduling-1] INFO  c.e.e.service.EmployeeScheduler - Tổng số nhân viên hiện tại: 5
2025-11-12 21:17:38 [scheduling-1] INFO  c.e.e.service.EmployeeScheduler - System running
2025-11-12 21:18:08 [scheduling-1] INFO  c.e.e.service.EmployeeScheduler - System running
2025-11-12 21:18:38 [scheduling-1] INFO  c.e.e.service.EmployeeScheduler - Tổng số nhân viên hiện tại: 5
2025-11-12 21:18:38 [scheduling-1] INFO  c.e.e.service.EmployeeScheduler - System running
2025-11-12 21:19:08 [scheduling-1] INFO  c.e.e.service.EmployeeScheduler - System running
2025-11-12 21:19:38 [scheduling-1] INFO  c.e.e.service.EmployeeScheduler - Tổng số nhân viên hiện tại: 5
2025-11-12 21:19:38 [scheduling-1] INFO  c.e.e.service.EmployeeScheduler - System running
2025-11-12 21:20:08 [scheduling-1] INFO  c.e.e.service.EmployeeScheduler - System running
2025-11-12 21:20:38 [scheduling-1] INFO  c.e.e.service.EmployeeScheduler - Tổng số nhân viên hiện tại: 5
2025-11-12 21:20:38 [scheduling-1] INFO  c.e.e.service.EmployeeScheduler - System running
2025-11-12 21:21:08 [scheduling-1] INFO  c.e.e.service.EmployeeScheduler - System running
2025-11-12 21:21:38 [scheduling-1] INFO  c.e.e.service.EmployeeScheduler - Tổng số nhân viên hiện tại: 5
2025-11-12 21:21:38 [scheduling-1] INFO  c.e.e.service.EmployeeScheduler - System running
2025-11-12 21:22:08 [scheduling-1] INFO  c.e.e.service.EmployeeScheduler - System running
2025-11-12 21:22:38 [scheduling-1] INFO  c.e.e.service.EmployeeScheduler - Tổng số nhân viên hiện tại: 5
2025-11-12 21:22:38 [scheduling-1] INFO  c.e.e.service.EmployeeScheduler - System running
2025-11-12 21:23:08 [scheduling-1] INFO  c.e.e.service.EmployeeScheduler - System running
2025-11-12 21:23:38 [scheduling-1] INFO  c.e.e.service.EmployeeScheduler - Tổng số nhân viên hiện tại: 5
2025-11-12 21:23:38 [scheduling-1] INFO  c.e.e.service.EmployeeScheduler - System running
2025-11-12 21:24:08 [scheduling-1] INFO  c.e.e.service.EmployeeScheduler - System running
2025-11-12 21:24:38 [scheduling-1] INFO  c.e.e.service.EmployeeScheduler - Tổng số nhân viên hiện tại: 5
2025-11-12 21:24:38 [scheduling-1] INFO  c.e.e.service.EmployeeScheduler - System running
2025-11-12 21:25:08 [scheduling-1] INFO  c.e.e.service.EmployeeScheduler - System running
2025-11-12 21:25:38 [scheduling-1] INFO  c.e.e.service.EmployeeScheduler - Tổng số nhân viên hiện tại: 5
2025-11-12 21:25:38 [scheduling-1] INFO  c.e.e.service.EmployeeScheduler - System running
2025-11-12 21:26:08 [scheduling-1] INFO  c.e.e.service.EmployeeScheduler - System running
2025-11-12 21:26:38 [scheduling-1] INFO  c.e.e.service.EmployeeScheduler - Tổng số nhân viên hiện tại: 5
2025-11-12 21:26:38 [scheduling-1] INFO  c.e.e.service.EmployeeScheduler - System running
2025-11-12 21:27:08 [scheduling-1] INFO  c.e.e.service.EmployeeScheduler - System running
2025-11-12 21:27:38 [scheduling-1] INFO  c.e.e.service.EmployeeScheduler - Tổng số nhân viên hiện tại: 5
2025-11-12 21:27:38 [scheduling-1] INFO  c.e.e.service.EmployeeScheduler - System running
2025-11-12 21:28:08 [scheduling-1] INFO  c.e.e.service.EmployeeScheduler - System running
2025-11-12 21:28:38 [scheduling-1] INFO  c.e.e.service.EmployeeScheduler - Tổng số nhân viên hiện tại: 5
2025-11-12 21:28:38 [scheduling-1] INFO  c.e.e.service.EmployeeScheduler - System running
2025-11-12 21:29:08 [scheduling-1] INFO  c.e.e.service.EmployeeScheduler - System running
2025-11-12 21:29:38 [scheduling-1] INFO  c.e.e.service.EmployeeScheduler - Tổng số nhân viên hiện tại: 5
2025-11-12 21:29:38 [scheduling-1] INFO  c.e.e.service.EmployeeScheduler - System running
2025-11-12 21:30:08 [scheduling-1] INFO  c.e.e.service.EmployeeScheduler - System running
2025-11-12 21:30:38 [scheduling-1] INFO  c.e.e.service.EmployeeScheduler - Tổng số nhân viên hiện tại: 5
2025-11-12 21:30:38 [scheduling-1] INFO  c.e.e.service.EmployeeScheduler - System running
2025-11-12 21:31:08 [scheduling-1] INFO  c.e.e.service.EmployeeScheduler - System running
2025-11-12 21:31:38 [scheduling-1] INFO  c.e.e.service.EmployeeScheduler - Tổng số nhân viên hiện tại: 5
2025-11-12 21:31:38 [scheduling-1] INFO  c.e.e.service.EmployeeScheduler - System running
2025-11-12 21:32:08 [scheduling-1] INFO  c.e.e.service.EmployeeScheduler - System running
2025-11-12 21:32:38 [scheduling-1] INFO  c.e.e.service.EmployeeScheduler - Tổng số nhân viên hiện tại: 5
2025-11-12 21:32:38 [scheduling-1] INFO  c.e.e.service.EmployeeScheduler - System running
2025-11-12 21:33:08 [scheduling-1] INFO  c.e.e.service.EmployeeScheduler - System running
2025-11-12 21:33:38 [scheduling-1] INFO  c.e.e.service.EmployeeScheduler - Tổng số nhân viên hiện tại: 5
2025-11-12 21:33:38 [scheduling-1] INFO  c.e.e.service.EmployeeScheduler - System running
2025-11-12 21:34:08 [scheduling-1] INFO  c.e.e.service.EmployeeScheduler - System running
2025-11-12 21:34:38 [scheduling-1] INFO  c.e.e.service.EmployeeScheduler - Tổng số nhân viên hiện tại: 5
2025-11-12 21:34:38 [scheduling-1] INFO  c.e.e.service.EmployeeScheduler - System running
2025-11-12 21:35:08 [scheduling-1] INFO  c.e.e.service.EmployeeScheduler - System running
2025-11-12 21:35:38 [scheduling-1] INFO  c.e.e.service.EmployeeScheduler - Tổng số nhân viên hiện tại: 5
2025-11-12 21:35:38 [scheduling-1] INFO  c.e.e.service.EmployeeScheduler - System running
2025-11-12 21:36:08 [scheduling-1] INFO  c.e.e.service.EmployeeScheduler - System running
2025-11-12 21:36:38 [scheduling-1] INFO  c.e.e.service.EmployeeScheduler - Tổng số nhân viên hiện tại: 5
2025-11-12 21:36:38 [scheduling-1] INFO  c.e.e.service.EmployeeScheduler - System running
2025-11-12 21:37:08 [scheduling-1] INFO  c.e.e.service.EmployeeScheduler - System running
2025-11-12 21:37:38 [scheduling-1] INFO  c.e.e.service.EmployeeScheduler - Tổng số nhân viên hiện tại: 5
2025-11-12 21:37:38 [scheduling-1] INFO  c.e.e.service.EmployeeScheduler - System running
2025-11-12 21:38:08 [scheduling-1] INFO  c.e.e.service.EmployeeScheduler - System running
2025-11-12 21:38:38 [scheduling-1] INFO  c.e.e.service.EmployeeScheduler - Tổng số nhân viên hiện tại: 5
2025-11-12 21:38:38 [scheduling-1] INFO  c.e.e.service.EmployeeScheduler - System running
2025-11-12 21:39:08 [scheduling-1] INFO  c.e.e.service.EmployeeScheduler - System running
2025-11-12 21:39:38 [scheduling-1] INFO  c.e.e.service.EmployeeScheduler - Tổng số nhân viên hiện tại: 5
2025-11-12 21:39:38 [scheduling-1] INFO  c.e.e.service.EmployeeScheduler - System running
2025-11-12 21:40:08 [scheduling-1] INFO  c.e.e.service.EmployeeScheduler - System running
2025-11-12 21:40:38 [scheduling-1] INFO  c.e.e.service.EmployeeScheduler - Tổng số nhân viên hiện tại: 5
2025-11-12 21:40:38 [scheduling-1] INFO  c.e.e.service.EmployeeScheduler - System running
2025-11-12 21:41:08 [scheduling-1] INFO  c.e.e.service.EmployeeScheduler - System running
2025-11-12 21:41:38 [scheduling-1] INFO  c.e.e.service.EmployeeScheduler - Tổng số nhân viên hiện tại: 5
2025-11-12 21:41:38 [scheduling-1] INFO  c.e.e.service.EmployeeScheduler - System running
2025-11-12 21:42:08 [scheduling-1] INFO  c.e.e.service.EmployeeScheduler - System running
2025-11-12 21:42:38 [scheduling-1] INFO  c.e.e.service.EmployeeScheduler - Tổng số nhân viên hiện tại: 5
2025-11-12 21:42:38 [scheduling-1] INFO  c.e.e.service.EmployeeScheduler - System running
2025-11-12 21:43:08 [scheduling-1] INFO  c.e.e.service.EmployeeScheduler - System running
2025-11-12 21:43:38 [scheduling-1] INFO  c.e.e.service.EmployeeScheduler - Tổng số nhân viên hiện tại: 5
2025-11-12 21:43:38 [scheduling-1] INFO  c.e.e.service.EmployeeScheduler - System running
2025-11-12 21:44:08 [scheduling-1] INFO  c.e.e.service.EmployeeScheduler - System running
2025-11-12 21:44:38 [scheduling-1] INFO  c.e.e.service.EmployeeScheduler - Tổng số nhân viên hiện tại: 5
2025-11-12 21:44:38 [scheduling-1] INFO  c.e.e.service.EmployeeScheduler - System running
2025-11-12 21:45:08 [scheduling-1] INFO  c.e.e.service.EmployeeScheduler - System running
2025-11-12 21:45:38 [scheduling-1] INFO  c.e.e.service.EmployeeScheduler - Tổng số nhân viên hiện tại: 5
2025-11-12 21:45:38 [scheduling-1] INFO  c.e.e.service.EmployeeScheduler - System running
2025-11-12 21:46:08 [scheduling-1] INFO  c.e.e.service.EmployeeScheduler - System running
2025-11-12 21:46:38 [scheduling-1] INFO  c.e.e.service.EmployeeScheduler - Tổng số nhân viên hiện tại: 5
2025-11-12 21:46:38 [scheduling-1] INFO  c.e.e.service.EmployeeScheduler - System running
2025-11-12 21:47:08 [scheduling-1] INFO  c.e.e.service.EmployeeScheduler - System running
2025-11-12 21:47:39 [scheduling-1] INFO  c.e.e.service.EmployeeScheduler - Tổng số nhân viên hiện tại: 5
2025-11-12 21:47:39 [scheduling-1] INFO  c.e.e.service.EmployeeScheduler - System running
2025-11-12 21:48:08 [scheduling-1] INFO  c.e.e.service.EmployeeScheduler - System running
2025-11-12 21:48:38 [scheduling-1] INFO  c.e.e.service.EmployeeScheduler - Tổng số nhân viên hiện tại: 5
2025-11-12 21:48:38 [scheduling-1] INFO  c.e.e.service.EmployeeScheduler - System running
2025-11-12 21:49:08 [scheduling-1] INFO  c.e.e.service.EmployeeScheduler - System running
2025-11-12 21:49:38 [scheduling-1] INFO  c.e.e.service.EmployeeScheduler - Tổng số nhân viên hiện tại: 5
2025-11-12 21:49:38 [scheduling-1] INFO  c.e.e.service.EmployeeScheduler - System running
2025-11-12 21:50:08 [scheduling-1] INFO  c.e.e.service.EmployeeScheduler - System running
2025-11-12 21:50:26 [RMI TCP Connection(56)-127.0.0.1] INFO  o.s.b.a.SpringApplicationAdminMXBeanRegistrar$SpringApplicationAdmin - Application shutdown requested.
2025-11-12 21:50:26 [RMI TCP Connection(56)-127.0.0.1] INFO  o.s.b.w.e.tomcat.GracefulShutdown - Commencing graceful shutdown. Waiting for active requests to complete
2025-11-12 21:50:26 [tomcat-shutdown] INFO  o.a.coyote.http11.Http11NioProtocol - Pausing ProtocolHandler ["http-nio-8080"]
2025-11-12 21:50:27 [tomcat-shutdown] INFO  o.s.b.w.e.tomcat.GracefulShutdown - Graceful shutdown complete
2025-11-12 21:50:27 [RMI TCP Connection(56)-127.0.0.1] INFO  o.a.coyote.http11.Http11NioProtocol - Stopping ProtocolHandler ["http-nio-8080"]
2025-11-12 21:50:27 [RMI TCP Connection(56)-127.0.0.1] INFO  o.s.o.j.LocalContainerEntityManagerFactoryBean - Closing JPA EntityManagerFactory for persistence unit 'default'
2025-11-12 21:50:27 [RMI TCP Connection(56)-127.0.0.1] INFO  com.zaxxer.hikari.HikariDataSource - HikariPool-2 - Shutdown initiated...
2025-11-12 21:50:27 [RMI TCP Connection(56)-127.0.0.1] INFO  com.zaxxer.hikari.HikariDataSource - HikariPool-2 - Shutdown completed.
2025-11-12 21:50:34 [background-preinit] INFO  o.h.validator.internal.util.Version - HV000001: Hibernate Validator 8.0.3.Final
2025-11-12 21:50:34 [restartedMain] INFO  c.e.e.EmployeeManagementApplication - Starting EmployeeManagementApplication using Java 17.0.12 with PID 7352 (D:\InternJava\Miniproject\employee-management\target\classes started by toan in D:\InternJava\Miniproject\employee-management)
2025-11-12 21:50:34 [restartedMain] DEBUG c.e.e.EmployeeManagementApplication - Running with Spring Boot v3.5.7, Spring v6.2.12
2025-11-12 21:50:34 [restartedMain] INFO  c.e.e.EmployeeManagementApplication - The following 1 profile is active: "dev"
2025-11-12 21:50:34 [restartedMain] INFO  o.s.b.d.e.DevToolsPropertyDefaultsPostProcessor - Devtools property defaults active! Set 'spring.devtools.add-properties' to 'false' to disable
2025-11-12 21:50:34 [restartedMain] INFO  o.s.b.d.e.DevToolsPropertyDefaultsPostProcessor - For additional web related logging consider setting the 'logging.level.web' property to 'DEBUG'
2025-11-12 21:50:38 [restartedMain] INFO  o.s.d.r.c.RepositoryConfigurationDelegate - Bootstrapping Spring Data JPA repositories in DEFAULT mode.
2025-11-12 21:50:39 [restartedMain] INFO  o.s.d.r.c.RepositoryConfigurationDelegate - Finished Spring Data repository scanning in 100 ms. Found 3 JPA repository interfaces.
2025-11-12 21:50:40 [restartedMain] INFO  o.s.b.w.e.tomcat.TomcatWebServer - Tomcat initialized with port 8080 (http)
2025-11-12 21:50:40 [restartedMain] INFO  o.a.coyote.http11.Http11NioProtocol - Initializing ProtocolHandler ["http-nio-8080"]
2025-11-12 21:50:40 [restartedMain] INFO  o.a.catalina.core.StandardService - Starting service [Tomcat]
2025-11-12 21:50:40 [restartedMain] INFO  o.a.catalina.core.StandardEngine - Starting Servlet engine: [Apache Tomcat/10.1.48]
2025-11-12 21:50:40 [restartedMain] INFO  o.a.c.c.C.[Tomcat].[localhost].[/] - Initializing Spring embedded WebApplicationContext
2025-11-12 21:50:40 [restartedMain] INFO  o.s.b.w.s.c.ServletWebServerApplicationContext - Root WebApplicationContext: initialization completed in 5710 ms
2025-11-12 21:50:41 [restartedMain] INFO  o.h.jpa.internal.util.LogHelper - HHH000204: Processing PersistenceUnitInfo [name: default]
2025-11-12 21:50:41 [restartedMain] INFO  org.hibernate.Version - HHH000412: Hibernate ORM core version 6.6.33.Final
2025-11-12 21:50:41 [restartedMain] INFO  o.h.c.i.RegionFactoryInitiator - HHH000026: Second-level cache disabled
2025-11-12 21:50:41 [restartedMain] INFO  o.s.o.j.p.SpringPersistenceUnitInfo - No LoadTimeWeaver setup: ignoring JPA class transformer
2025-11-12 21:50:41 [restartedMain] INFO  com.zaxxer.hikari.HikariDataSource - HikariPool-1 - Starting...
2025-11-12 21:50:41 [restartedMain] INFO  com.zaxxer.hikari.pool.HikariPool - HikariPool-1 - Added connection com.mysql.cj.jdbc.ConnectionImpl@29e329f2
2025-11-12 21:50:41 [restartedMain] INFO  com.zaxxer.hikari.HikariDataSource - HikariPool-1 - Start completed.
2025-11-12 21:50:42 [restartedMain] WARN  org.hibernate.orm.deprecation - HHH90000025: MySQL8Dialect does not need to be specified explicitly using 'hibernate.dialect' (remove the property setting and it will be selected by default)
2025-11-12 21:50:42 [restartedMain] WARN  org.hibernate.orm.deprecation - HHH90000026: MySQL8Dialect has been deprecated; use org.hibernate.dialect.MySQLDialect instead
2025-11-12 21:50:42 [restartedMain] INFO  o.hibernate.orm.connections.pooling - HHH10001005: Database info:
	Database JDBC URL [Connecting through datasource 'HikariDataSource (HikariPool-1)']
	Database driver: undefined/unknown
	Database version: 8.0
	Autocommit mode: undefined/unknown
	Isolation level: undefined/unknown
	Minimum pool size: undefined/unknown
	Maximum pool size: undefined/unknown
2025-11-12 21:50:43 [restartedMain] INFO  o.h.e.t.j.p.i.JtaPlatformInitiator - HHH000489: No JTA platform available (set 'hibernate.transaction.jta.platform' to enable JTA platform integration)
2025-11-12 21:50:43 [restartedMain] INFO  o.s.o.j.LocalContainerEntityManagerFactoryBean - Initialized JPA EntityManagerFactory for persistence unit 'default'
2025-11-12 21:50:44 [restartedMain] DEBUG c.e.e.config.JwtAuthenticationFilter - Filter 'jwtAuthenticationFilter' configured for use
2025-11-12 21:50:44 [restartedMain] WARN  o.s.b.a.o.j.JpaBaseConfiguration$JpaWebConfiguration - spring.jpa.open-in-view is enabled by default. Therefore, database queries may be performed during view rendering. Explicitly configure spring.jpa.open-in-view to disable this warning
2025-11-12 21:50:44 [restartedMain] INFO  o.s.s.c.a.a.c.InitializeUserDetailsBeanManagerConfigurer$InitializeUserDetailsManagerConfigurer - Global AuthenticationManager configured with UserDetailsService bean with name customUserDetailsService
2025-11-12 21:50:45 [restartedMain] INFO  o.s.b.a.e.web.EndpointLinksResolver - Exposing 13 endpoints beneath base path '/actuator'
2025-11-12 21:50:46 [restartedMain] INFO  o.s.b.d.a.OptionalLiveReloadServer - LiveReload server is running on port 35729
2025-11-12 21:50:47 [restartedMain] INFO  o.a.coyote.http11.Http11NioProtocol - Starting ProtocolHandler ["http-nio-8080"]
2025-11-12 21:50:47 [restartedMain] INFO  o.s.b.w.e.tomcat.TomcatWebServer - Tomcat started on port 8080 (http) with context path '/'
2025-11-12 21:50:47 [restartedMain] INFO  c.e.e.EmployeeManagementApplication - Started EmployeeManagementApplication in 13.374 seconds (process running for 14.489)
2025-11-12 21:50:47 [scheduling-1] INFO  c.e.e.service.EmployeeScheduler - Tổng số nhân viên hiện tại: 5
2025-11-12 21:50:47 [scheduling-1] INFO  c.e.e.service.EmployeeScheduler - System running
2025-11-12 21:50:48 [RMI TCP Connection(4)-127.0.0.1] INFO  o.a.c.c.C.[Tomcat].[localhost].[/] - Initializing Spring DispatcherServlet 'dispatcherServlet'
2025-11-12 21:50:48 [RMI TCP Connection(4)-127.0.0.1] INFO  o.s.web.servlet.DispatcherServlet - Initializing Servlet 'dispatcherServlet'
2025-11-12 21:50:48 [RMI TCP Connection(4)-127.0.0.1] INFO  o.s.web.servlet.DispatcherServlet - Completed initialization in 4 ms
2025-11-12 21:51:17 [scheduling-1] INFO  c.e.e.service.EmployeeScheduler - System running
2025-11-12 21:51:47 [scheduling-1] INFO  c.e.e.service.EmployeeScheduler - Tổng số nhân viên hiện tại: 5
2025-11-12 21:51:47 [scheduling-1] INFO  c.e.e.service.EmployeeScheduler - System running
2025-11-12 21:51:53 [File Watcher] INFO  o.s.b.d.a.LocalDevToolsAutoConfiguration$RestartingClassPathChangeChangedEventListener - Restarting due to 1 class path change (1 addition, 0 deletions, 0 modifications)
2025-11-12 21:51:53 [Thread-5] INFO  o.s.b.w.e.tomcat.GracefulShutdown - Commencing graceful shutdown. Waiting for active requests to complete
2025-11-12 21:51:53 [tomcat-shutdown] INFO  o.a.coyote.http11.Http11NioProtocol - Pausing ProtocolHandler ["http-nio-8080"]
2025-11-12 21:51:53 [tomcat-shutdown] INFO  o.s.b.w.e.tomcat.GracefulShutdown - Graceful shutdown complete
2025-11-12 21:51:53 [Thread-5] INFO  o.a.coyote.http11.Http11NioProtocol - Stopping ProtocolHandler ["http-nio-8080"]
2025-11-12 21:51:53 [Thread-5] INFO  o.s.o.j.LocalContainerEntityManagerFactoryBean - Closing JPA EntityManagerFactory for persistence unit 'default'
2025-11-12 21:51:53 [Thread-5] INFO  com.zaxxer.hikari.HikariDataSource - HikariPool-1 - Shutdown initiated...
2025-11-12 21:51:54 [Thread-5] INFO  com.zaxxer.hikari.HikariDataSource - HikariPool-1 - Shutdown completed.
2025-11-12 21:51:54 [restartedMain] INFO  c.e.e.EmployeeManagementApplication - Starting EmployeeManagementApplication using Java 17.0.12 with PID 7352 (D:\InternJava\Miniproject\employee-management\target\classes started by toan in D:\InternJava\Miniproject\employee-management)
2025-11-12 21:51:54 [restartedMain] DEBUG c.e.e.EmployeeManagementApplication - Running with Spring Boot v3.5.7, Spring v6.2.12
2025-11-12 21:51:54 [restartedMain] INFO  c.e.e.EmployeeManagementApplication - The following 1 profile is active: "dev"
2025-11-12 21:51:54 [restartedMain] INFO  o.s.d.r.c.RepositoryConfigurationDelegate - Bootstrapping Spring Data JPA repositories in DEFAULT mode.
2025-11-12 21:51:55 [restartedMain] INFO  o.s.d.r.c.RepositoryConfigurationDelegate - Finished Spring Data repository scanning in 36 ms. Found 3 JPA repository interfaces.
2025-11-12 21:51:55 [restartedMain] INFO  o.s.b.w.e.tomcat.TomcatWebServer - Tomcat initialized with port 8080 (http)
2025-11-12 21:51:55 [restartedMain] INFO  o.a.coyote.http11.Http11NioProtocol - Initializing ProtocolHandler ["http-nio-8080"]
2025-11-12 21:51:55 [restartedMain] INFO  o.a.catalina.core.StandardService - Starting service [Tomcat]
2025-11-12 21:51:55 [restartedMain] INFO  o.a.catalina.core.StandardEngine - Starting Servlet engine: [Apache Tomcat/10.1.48]
2025-11-12 21:51:55 [restartedMain] INFO  o.a.c.c.C.[Tomcat].[localhost].[/] - Initializing Spring embedded WebApplicationContext
2025-11-12 21:51:55 [restartedMain] INFO  o.s.b.w.s.c.ServletWebServerApplicationContext - Root WebApplicationContext: initialization completed in 934 ms
2025-11-12 21:51:55 [restartedMain] INFO  o.h.jpa.internal.util.LogHelper - HHH000204: Processing PersistenceUnitInfo [name: default]
2025-11-12 21:51:55 [restartedMain] INFO  o.h.c.i.RegionFactoryInitiator - HHH000026: Second-level cache disabled
2025-11-12 21:51:55 [restartedMain] INFO  o.s.o.j.p.SpringPersistenceUnitInfo - No LoadTimeWeaver setup: ignoring JPA class transformer
2025-11-12 21:51:55 [restartedMain] INFO  com.zaxxer.hikari.HikariDataSource - HikariPool-2 - Starting...
2025-11-12 21:51:55 [restartedMain] INFO  com.zaxxer.hikari.pool.HikariPool - HikariPool-2 - Added connection com.mysql.cj.jdbc.ConnectionImpl@67b60016
2025-11-12 21:51:55 [restartedMain] INFO  com.zaxxer.hikari.HikariDataSource - HikariPool-2 - Start completed.
2025-11-12 21:51:55 [restartedMain] WARN  org.hibernate.orm.deprecation - HHH90000025: MySQL8Dialect does not need to be specified explicitly using 'hibernate.dialect' (remove the property setting and it will be selected by default)
2025-11-12 21:51:55 [restartedMain] WARN  org.hibernate.orm.deprecation - HHH90000026: MySQL8Dialect has been deprecated; use org.hibernate.dialect.MySQLDialect instead
2025-11-12 21:51:55 [restartedMain] INFO  o.hibernate.orm.connections.pooling - HHH10001005: Database info:
	Database JDBC URL [Connecting through datasource 'HikariDataSource (HikariPool-2)']
	Database driver: undefined/unknown
	Database version: 8.0
	Autocommit mode: undefined/unknown
	Isolation level: undefined/unknown
	Minimum pool size: undefined/unknown
	Maximum pool size: undefined/unknown
2025-11-12 21:51:55 [restartedMain] INFO  o.h.e.t.j.p.i.JtaPlatformInitiator - HHH000489: No JTA platform available (set 'hibernate.transaction.jta.platform' to enable JTA platform integration)
2025-11-12 21:51:55 [restartedMain] INFO  o.s.o.j.LocalContainerEntityManagerFactoryBean - Initialized JPA EntityManagerFactory for persistence unit 'default'
2025-11-12 21:51:55 [restartedMain] DEBUG c.e.e.config.JwtAuthenticationFilter - Filter 'jwtAuthenticationFilter' configured for use
2025-11-12 21:51:55 [restartedMain] WARN  o.s.b.a.o.j.JpaBaseConfiguration$JpaWebConfiguration - spring.jpa.open-in-view is enabled by default. Therefore, database queries may be performed during view rendering. Explicitly configure spring.jpa.open-in-view to disable this warning
2025-11-12 21:51:55 [restartedMain] INFO  o.s.s.c.a.a.c.InitializeUserDetailsBeanManagerConfigurer$InitializeUserDetailsManagerConfigurer - Global AuthenticationManager configured with UserDetailsService bean with name customUserDetailsService
2025-11-12 21:51:56 [restartedMain] INFO  o.s.b.a.e.web.EndpointLinksResolver - Exposing 13 endpoints beneath base path '/actuator'
2025-11-12 21:51:56 [restartedMain] INFO  o.s.b.d.a.OptionalLiveReloadServer - LiveReload server is running on port 35729
2025-11-12 21:51:56 [restartedMain] INFO  o.a.coyote.http11.Http11NioProtocol - Starting ProtocolHandler ["http-nio-8080"]
2025-11-12 21:51:56 [restartedMain] INFO  o.s.b.w.e.tomcat.TomcatWebServer - Tomcat started on port 8080 (http) with context path '/'
2025-11-12 21:51:56 [restartedMain] INFO  c.e.e.EmployeeManagementApplication - Started EmployeeManagementApplication in 2.113 seconds (process running for 83.789)
2025-11-12 21:51:56 [restartedMain] INFO  o.s.b.d.a.ConditionEvaluationDeltaLoggingListener - Condition evaluation unchanged
2025-11-12 21:51:56 [scheduling-1] INFO  c.e.e.service.EmployeeScheduler - Tổng số nhân viên hiện tại: 5
2025-11-12 21:51:56 [scheduling-1] INFO  c.e.e.service.EmployeeScheduler - System running
2025-11-12 21:52:06 [File Watcher] INFO  o.s.b.d.a.LocalDevToolsAutoConfiguration$RestartingClassPathChangeChangedEventListener - Restarting due to 1 class path change (0 additions, 0 deletions, 1 modification)
2025-11-12 21:52:06 [Thread-7] INFO  o.s.b.w.e.tomcat.GracefulShutdown - Commencing graceful shutdown. Waiting for active requests to complete
2025-11-12 21:52:06 [tomcat-shutdown] INFO  o.a.coyote.http11.Http11NioProtocol - Pausing ProtocolHandler ["http-nio-8080"]
2025-11-12 21:52:06 [tomcat-shutdown] INFO  o.s.b.w.e.tomcat.GracefulShutdown - Graceful shutdown complete
2025-11-12 21:52:06 [Thread-7] INFO  o.a.coyote.http11.Http11NioProtocol - Stopping ProtocolHandler ["http-nio-8080"]
2025-11-12 21:52:06 [Thread-7] INFO  o.s.o.j.LocalContainerEntityManagerFactoryBean - Closing JPA EntityManagerFactory for persistence unit 'default'
2025-11-12 21:52:06 [Thread-7] INFO  com.zaxxer.hikari.HikariDataSource - HikariPool-2 - Shutdown initiated...
2025-11-12 21:52:06 [Thread-7] INFO  com.zaxxer.hikari.HikariDataSource - HikariPool-2 - Shutdown completed.
2025-11-12 21:52:06 [restartedMain] INFO  c.e.e.EmployeeManagementApplication - Starting EmployeeManagementApplication using Java 17.0.12 with PID 7352 (D:\InternJava\Miniproject\employee-management\target\classes started by toan in D:\InternJava\Miniproject\employee-management)
2025-11-12 21:52:06 [restartedMain] DEBUG c.e.e.EmployeeManagementApplication - Running with Spring Boot v3.5.7, Spring v6.2.12
2025-11-12 21:52:06 [restartedMain] INFO  c.e.e.EmployeeManagementApplication - The following 1 profile is active: "dev"
2025-11-12 21:52:07 [restartedMain] INFO  o.s.d.r.c.RepositoryConfigurationDelegate - Bootstrapping Spring Data JPA repositories in DEFAULT mode.
2025-11-12 21:52:07 [restartedMain] INFO  o.s.d.r.c.RepositoryConfigurationDelegate - Finished Spring Data repository scanning in 26 ms. Found 3 JPA repository interfaces.
2025-11-12 21:52:07 [restartedMain] INFO  o.s.b.w.e.tomcat.TomcatWebServer - Tomcat initialized with port 8080 (http)
2025-11-12 21:52:07 [restartedMain] INFO  o.a.coyote.http11.Http11NioProtocol - Initializing ProtocolHandler ["http-nio-8080"]
2025-11-12 21:52:07 [restartedMain] INFO  o.a.catalina.core.StandardService - Starting service [Tomcat]
2025-11-12 21:52:07 [restartedMain] INFO  o.a.catalina.core.StandardEngine - Starting Servlet engine: [Apache Tomcat/10.1.48]
2025-11-12 21:52:07 [restartedMain] INFO  o.a.c.c.C.[Tomcat].[localhost].[/] - Initializing Spring embedded WebApplicationContext
2025-11-12 21:52:07 [restartedMain] INFO  o.s.b.w.s.c.ServletWebServerApplicationContext - Root WebApplicationContext: initialization completed in 1039 ms
2025-11-12 21:52:07 [restartedMain] INFO  o.h.jpa.internal.util.LogHelper - HHH000204: Processing PersistenceUnitInfo [name: default]
2025-11-12 21:52:07 [restartedMain] INFO  o.h.c.i.RegionFactoryInitiator - HHH000026: Second-level cache disabled
2025-11-12 21:52:07 [restartedMain] INFO  o.s.o.j.p.SpringPersistenceUnitInfo - No LoadTimeWeaver setup: ignoring JPA class transformer
2025-11-12 21:52:07 [restartedMain] INFO  com.zaxxer.hikari.HikariDataSource - HikariPool-3 - Starting...
2025-11-12 21:52:07 [restartedMain] INFO  com.zaxxer.hikari.pool.HikariPool - HikariPool-3 - Added connection com.mysql.cj.jdbc.ConnectionImpl@7e4724c9
2025-11-12 21:52:07 [restartedMain] INFO  com.zaxxer.hikari.HikariDataSource - HikariPool-3 - Start completed.
2025-11-12 21:52:07 [restartedMain] WARN  org.hibernate.orm.deprecation - HHH90000025: MySQL8Dialect does not need to be specified explicitly using 'hibernate.dialect' (remove the property setting and it will be selected by default)
2025-11-12 21:52:07 [restartedMain] WARN  org.hibernate.orm.deprecation - HHH90000026: MySQL8Dialect has been deprecated; use org.hibernate.dialect.MySQLDialect instead
2025-11-12 21:52:07 [restartedMain] INFO  o.hibernate.orm.connections.pooling - HHH10001005: Database info:
	Database JDBC URL [Connecting through datasource 'HikariDataSource (HikariPool-3)']
	Database driver: undefined/unknown
	Database version: 8.0
	Autocommit mode: undefined/unknown
	Isolation level: undefined/unknown
	Minimum pool size: undefined/unknown
	Maximum pool size: undefined/unknown
2025-11-12 21:52:07 [restartedMain] INFO  o.h.e.t.j.p.i.JtaPlatformInitiator - HHH000489: No JTA platform available (set 'hibernate.transaction.jta.platform' to enable JTA platform integration)
2025-11-12 21:52:08 [restartedMain] INFO  o.s.o.j.LocalContainerEntityManagerFactoryBean - Initialized JPA EntityManagerFactory for persistence unit 'default'
2025-11-12 21:52:08 [restartedMain] DEBUG c.e.e.config.JwtAuthenticationFilter - Filter 'jwtAuthenticationFilter' configured for use
2025-11-12 21:52:08 [restartedMain] WARN  o.s.b.a.o.j.JpaBaseConfiguration$JpaWebConfiguration - spring.jpa.open-in-view is enabled by default. Therefore, database queries may be performed during view rendering. Explicitly configure spring.jpa.open-in-view to disable this warning
2025-11-12 21:52:08 [restartedMain] INFO  o.s.s.c.a.a.c.InitializeUserDetailsBeanManagerConfigurer$InitializeUserDetailsManagerConfigurer - Global AuthenticationManager configured with UserDetailsService bean with name customUserDetailsService
2025-11-12 21:52:09 [restartedMain] INFO  o.s.b.a.e.web.EndpointLinksResolver - Exposing 13 endpoints beneath base path '/actuator'
2025-11-12 21:52:09 [restartedMain] INFO  o.s.b.d.a.OptionalLiveReloadServer - LiveReload server is running on port 35729
2025-11-12 21:52:09 [restartedMain] INFO  o.a.coyote.http11.Http11NioProtocol - Starting ProtocolHandler ["http-nio-8080"]
2025-11-12 21:52:09 [restartedMain] INFO  o.s.b.w.e.tomcat.TomcatWebServer - Tomcat started on port 8080 (http) with context path '/'
2025-11-12 21:52:09 [restartedMain] INFO  c.e.e.EmployeeManagementApplication - Started EmployeeManagementApplication in 3.086 seconds (process running for 96.856)
2025-11-12 21:52:09 [restartedMain] INFO  o.s.b.d.a.ConditionEvaluationDeltaLoggingListener - Condition evaluation unchanged
2025-11-12 21:52:09 [scheduling-1] INFO  c.e.e.service.EmployeeScheduler - Tổng số nhân viên hiện tại: 5
2025-11-12 21:52:09 [scheduling-1] INFO  c.e.e.service.EmployeeScheduler - System running
2025-11-12 21:52:09 [http-nio-8080-exec-1] INFO  o.a.c.c.C.[Tomcat].[localhost].[/] - Initializing Spring DispatcherServlet 'dispatcherServlet'
2025-11-12 21:52:09 [http-nio-8080-exec-1] INFO  o.s.web.servlet.DispatcherServlet - Initializing Servlet 'dispatcherServlet'
2025-11-12 21:52:09 [http-nio-8080-exec-1] INFO  o.s.web.servlet.DispatcherServlet - Completed initialization in 4 ms
2025-11-12 21:52:39 [scheduling-1] INFO  c.e.e.service.EmployeeScheduler - System running
2025-11-12 21:53:09 [scheduling-1] INFO  c.e.e.service.EmployeeScheduler - Tổng số nhân viên hiện tại: 5
2025-11-12 21:53:09 [scheduling-1] INFO  c.e.e.service.EmployeeScheduler - System running
2025-11-12 21:53:39 [scheduling-1] INFO  c.e.e.service.EmployeeScheduler - System running
2025-11-12 21:54:09 [scheduling-1] INFO  c.e.e.service.EmployeeScheduler - Tổng số nhân viên hiện tại: 5
2025-11-12 21:54:09 [scheduling-1] INFO  c.e.e.service.EmployeeScheduler - System running
2025-11-12 21:54:39 [scheduling-1] INFO  c.e.e.service.EmployeeScheduler - System running
2025-11-12 21:55:09 [scheduling-1] INFO  c.e.e.service.EmployeeScheduler - Tổng số nhân viên hiện tại: 5
2025-11-12 21:55:09 [scheduling-1] INFO  c.e.e.service.EmployeeScheduler - System running
2025-11-12 21:55:39 [scheduling-1] INFO  c.e.e.service.EmployeeScheduler - System running
2025-11-12 21:56:09 [scheduling-1] INFO  c.e.e.service.EmployeeScheduler - Tổng số nhân viên hiện tại: 5
2025-11-12 21:56:09 [scheduling-1] INFO  c.e.e.service.EmployeeScheduler - System running
2025-11-12 21:56:39 [scheduling-1] INFO  c.e.e.service.EmployeeScheduler - System running
2025-11-12 21:57:09 [scheduling-1] INFO  c.e.e.service.EmployeeScheduler - Tổng số nhân viên hiện tại: 5
2025-11-12 21:57:09 [scheduling-1] INFO  c.e.e.service.EmployeeScheduler - System running
2025-11-12 21:57:39 [scheduling-1] INFO  c.e.e.service.EmployeeScheduler - System running
2025-11-12 21:58:09 [scheduling-1] INFO  c.e.e.service.EmployeeScheduler - Tổng số nhân viên hiện tại: 5
2025-11-12 21:58:09 [scheduling-1] INFO  c.e.e.service.EmployeeScheduler - System running
2025-11-12 21:58:39 [scheduling-1] INFO  c.e.e.service.EmployeeScheduler - System running
2025-11-12 21:59:09 [scheduling-1] INFO  c.e.e.service.EmployeeScheduler - Tổng số nhân viên hiện tại: 5
2025-11-12 21:59:09 [scheduling-1] INFO  c.e.e.service.EmployeeScheduler - System running
2025-11-12 21:59:39 [scheduling-1] INFO  c.e.e.service.EmployeeScheduler - System running
2025-11-12 22:00:09 [scheduling-1] INFO  c.e.e.service.EmployeeScheduler - Tổng số nhân viên hiện tại: 5
2025-11-12 22:00:09 [scheduling-1] INFO  c.e.e.service.EmployeeScheduler - System running
2025-11-12 22:00:39 [scheduling-1] INFO  c.e.e.service.EmployeeScheduler - System running
2025-11-12 22:01:09 [scheduling-1] INFO  c.e.e.service.EmployeeScheduler - Tổng số nhân viên hiện tại: 5
2025-11-12 22:01:09 [scheduling-1] INFO  c.e.e.service.EmployeeScheduler - System running
2025-11-12 22:01:39 [scheduling-1] INFO  c.e.e.service.EmployeeScheduler - System running
2025-11-12 22:02:09 [scheduling-1] INFO  c.e.e.service.EmployeeScheduler - Tổng số nhân viên hiện tại: 5
2025-11-12 22:02:09 [scheduling-1] INFO  c.e.e.service.EmployeeScheduler - System running
2025-11-12 22:02:39 [scheduling-1] INFO  c.e.e.service.EmployeeScheduler - System running
2025-11-12 22:03:09 [scheduling-1] INFO  c.e.e.service.EmployeeScheduler - Tổng số nhân viên hiện tại: 5
2025-11-12 22:03:09 [scheduling-1] INFO  c.e.e.service.EmployeeScheduler - System running
2025-11-12 22:03:39 [scheduling-1] INFO  c.e.e.service.EmployeeScheduler - System running
2025-11-12 22:04:09 [scheduling-1] INFO  c.e.e.service.EmployeeScheduler - Tổng số nhân viên hiện tại: 5
2025-11-12 22:04:09 [scheduling-1] INFO  c.e.e.service.EmployeeScheduler - System running
2025-11-12 22:04:39 [scheduling-1] INFO  c.e.e.service.EmployeeScheduler - System running
2025-11-12 22:05:09 [scheduling-1] INFO  c.e.e.service.EmployeeScheduler - Tổng số nhân viên hiện tại: 5
2025-11-12 22:05:09 [scheduling-1] INFO  c.e.e.service.EmployeeScheduler - System running
2025-11-12 22:05:39 [scheduling-1] INFO  c.e.e.service.EmployeeScheduler - System running
2025-11-12 22:06:09 [scheduling-1] INFO  c.e.e.service.EmployeeScheduler - Tổng số nhân viên hiện tại: 5
2025-11-12 22:06:09 [scheduling-1] INFO  c.e.e.service.EmployeeScheduler - System running
2025-11-12 22:06:39 [scheduling-1] INFO  c.e.e.service.EmployeeScheduler - System running
2025-11-12 22:07:09 [scheduling-1] INFO  c.e.e.service.EmployeeScheduler - Tổng số nhân viên hiện tại: 5
2025-11-12 22:07:09 [scheduling-1] INFO  c.e.e.service.EmployeeScheduler - System running
2025-11-12 22:07:39 [scheduling-1] INFO  c.e.e.service.EmployeeScheduler - System running
2025-11-12 22:08:09 [scheduling-1] INFO  c.e.e.service.EmployeeScheduler - Tổng số nhân viên hiện tại: 5
2025-11-12 22:08:09 [scheduling-1] INFO  c.e.e.service.EmployeeScheduler - System running
2025-11-12 22:08:39 [scheduling-1] INFO  c.e.e.service.EmployeeScheduler - System running
2025-11-12 22:09:09 [scheduling-1] INFO  c.e.e.service.EmployeeScheduler - Tổng số nhân viên hiện tại: 5
2025-11-12 22:09:09 [scheduling-1] INFO  c.e.e.service.EmployeeScheduler - System running
2025-11-12 22:09:39 [scheduling-1] INFO  c.e.e.service.EmployeeScheduler - System running
2025-11-12 22:10:01 [RMI TCP Connection(27)-127.0.0.1] INFO  o.s.b.a.SpringApplicationAdminMXBeanRegistrar$SpringApplicationAdmin - Application shutdown requested.
2025-11-12 22:10:01 [RMI TCP Connection(27)-127.0.0.1] INFO  o.s.b.w.e.tomcat.GracefulShutdown - Commencing graceful shutdown. Waiting for active requests to complete
2025-11-12 22:10:01 [tomcat-shutdown] INFO  o.a.coyote.http11.Http11NioProtocol - Pausing ProtocolHandler ["http-nio-8080"]
2025-11-12 22:10:01 [tomcat-shutdown] INFO  o.s.b.w.e.tomcat.GracefulShutdown - Graceful shutdown complete
2025-11-12 22:10:01 [RMI TCP Connection(27)-127.0.0.1] INFO  o.a.coyote.http11.Http11NioProtocol - Stopping ProtocolHandler ["http-nio-8080"]
2025-11-12 22:10:01 [RMI TCP Connection(27)-127.0.0.1] INFO  o.s.o.j.LocalContainerEntityManagerFactoryBean - Closing JPA EntityManagerFactory for persistence unit 'default'
2025-11-12 22:10:01 [RMI TCP Connection(27)-127.0.0.1] INFO  com.zaxxer.hikari.HikariDataSource - HikariPool-3 - Shutdown initiated...
2025-11-12 22:10:01 [RMI TCP Connection(27)-127.0.0.1] INFO  com.zaxxer.hikari.HikariDataSource - HikariPool-3 - Shutdown completed.
2025-11-12 22:32:50 [background-preinit] INFO  o.h.validator.internal.util.Version - HV000001: Hibernate Validator 8.0.3.Final
2025-11-12 22:32:50 [restartedMain] INFO  c.e.e.EmployeeManagementApplication - Starting EmployeeManagementApplication using Java 17.0.12 with PID 17652 (D:\InternJava\Miniproject\employee-management\target\classes started by toan in D:\InternJava\Miniproject\employee-management)
2025-11-12 22:32:50 [restartedMain] DEBUG c.e.e.EmployeeManagementApplication - Running with Spring Boot v3.5.7, Spring v6.2.12
2025-11-12 22:32:50 [restartedMain] INFO  c.e.e.EmployeeManagementApplication - The following 1 profile is active: "dev"
2025-11-12 22:32:50 [restartedMain] INFO  o.s.b.d.e.DevToolsPropertyDefaultsPostProcessor - Devtools property defaults active! Set 'spring.devtools.add-properties' to 'false' to disable
2025-11-12 22:32:50 [restartedMain] INFO  o.s.b.d.e.DevToolsPropertyDefaultsPostProcessor - For additional web related logging consider setting the 'logging.level.web' property to 'DEBUG'
2025-11-12 22:32:52 [restartedMain] INFO  o.s.d.r.c.RepositoryConfigurationDelegate - Bootstrapping Spring Data JPA repositories in DEFAULT mode.
2025-11-12 22:32:53 [restartedMain] INFO  o.s.d.r.c.RepositoryConfigurationDelegate - Finished Spring Data repository scanning in 89 ms. Found 3 JPA repository interfaces.
2025-11-12 22:32:54 [restartedMain] INFO  o.s.b.w.e.tomcat.TomcatWebServer - Tomcat initialized with port 8080 (http)
2025-11-12 22:32:54 [restartedMain] INFO  o.a.coyote.http11.Http11NioProtocol - Initializing ProtocolHandler ["http-nio-8080"]
2025-11-12 22:32:54 [restartedMain] INFO  o.a.catalina.core.StandardService - Starting service [Tomcat]
2025-11-12 22:32:54 [restartedMain] INFO  o.a.catalina.core.StandardEngine - Starting Servlet engine: [Apache Tomcat/10.1.48]
2025-11-12 22:32:54 [restartedMain] INFO  o.a.c.c.C.[Tomcat].[localhost].[/] - Initializing Spring embedded WebApplicationContext
2025-11-12 22:32:54 [restartedMain] INFO  o.s.b.w.s.c.ServletWebServerApplicationContext - Root WebApplicationContext: initialization completed in 3892 ms
2025-11-12 22:32:55 [restartedMain] INFO  o.h.jpa.internal.util.LogHelper - HHH000204: Processing PersistenceUnitInfo [name: default]
2025-11-12 22:32:55 [restartedMain] INFO  org.hibernate.Version - HHH000412: Hibernate ORM core version 6.6.33.Final
2025-11-12 22:32:55 [restartedMain] INFO  o.h.c.i.RegionFactoryInitiator - HHH000026: Second-level cache disabled
2025-11-12 22:32:56 [restartedMain] INFO  o.s.o.j.p.SpringPersistenceUnitInfo - No LoadTimeWeaver setup: ignoring JPA class transformer
2025-11-12 22:32:56 [restartedMain] INFO  com.zaxxer.hikari.HikariDataSource - HikariPool-1 - Starting...
2025-11-12 22:32:57 [restartedMain] INFO  com.zaxxer.hikari.pool.HikariPool - HikariPool-1 - Added connection com.mysql.cj.jdbc.ConnectionImpl@10947a53
2025-11-12 22:32:57 [restartedMain] INFO  com.zaxxer.hikari.HikariDataSource - HikariPool-1 - Start completed.
2025-11-12 22:32:57 [restartedMain] WARN  org.hibernate.orm.deprecation - HHH90000025: MySQL8Dialect does not need to be specified explicitly using 'hibernate.dialect' (remove the property setting and it will be selected by default)
2025-11-12 22:32:57 [restartedMain] WARN  org.hibernate.orm.deprecation - HHH90000026: MySQL8Dialect has been deprecated; use org.hibernate.dialect.MySQLDialect instead
2025-11-12 22:32:57 [restartedMain] INFO  o.hibernate.orm.connections.pooling - HHH10001005: Database info:
	Database JDBC URL [Connecting through datasource 'HikariDataSource (HikariPool-1)']
	Database driver: undefined/unknown
	Database version: 8.0
	Autocommit mode: undefined/unknown
	Isolation level: undefined/unknown
	Minimum pool size: undefined/unknown
	Maximum pool size: undefined/unknown
2025-11-12 22:32:59 [restartedMain] INFO  o.h.e.t.j.p.i.JtaPlatformInitiator - HHH000489: No JTA platform available (set 'hibernate.transaction.jta.platform' to enable JTA platform integration)
2025-11-12 22:32:59 [restartedMain] INFO  o.s.o.j.LocalContainerEntityManagerFactoryBean - Initialized JPA EntityManagerFactory for persistence unit 'default'
2025-11-12 22:33:00 [restartedMain] DEBUG c.e.e.config.JwtAuthenticationFilter - Filter 'jwtAuthenticationFilter' configured for use
2025-11-12 22:33:00 [restartedMain] WARN  o.s.b.a.o.j.JpaBaseConfiguration$JpaWebConfiguration - spring.jpa.open-in-view is enabled by default. Therefore, database queries may be performed during view rendering. Explicitly configure spring.jpa.open-in-view to disable this warning
2025-11-12 22:33:00 [restartedMain] INFO  o.s.s.c.a.a.c.InitializeUserDetailsBeanManagerConfigurer$InitializeUserDetailsManagerConfigurer - Global AuthenticationManager configured with UserDetailsService bean with name customUserDetailsService
2025-11-12 22:33:01 [restartedMain] INFO  o.s.d.j.r.query.QueryEnhancerFactory - Hibernate is in classpath; If applicable, HQL parser will be used.
2025-11-12 22:33:03 [restartedMain] INFO  o.s.b.a.e.web.EndpointLinksResolver - Exposing 13 endpoints beneath base path '/actuator'
2025-11-12 22:33:04 [restartedMain] INFO  o.s.b.d.a.OptionalLiveReloadServer - LiveReload server is running on port 35729
2025-11-12 22:33:04 [restartedMain] INFO  o.a.coyote.http11.Http11NioProtocol - Starting ProtocolHandler ["http-nio-8080"]
2025-11-12 22:33:04 [restartedMain] INFO  o.s.b.w.e.tomcat.TomcatWebServer - Tomcat started on port 8080 (http) with context path '/'
2025-11-12 22:33:04 [restartedMain] INFO  c.e.e.EmployeeManagementApplication - Started EmployeeManagementApplication in 15.117 seconds (process running for 16.104)
2025-11-12 22:33:04 [scheduling-1] INFO  c.e.e.service.EmployeeScheduler - System running
2025-11-12 22:33:04 [scheduling-1] INFO  c.e.e.service.EmployeeScheduler - Tổng số nhân viên hiện tại: 5
2025-11-12 22:33:05 [RMI TCP Connection(4)-127.0.0.1] INFO  o.a.c.c.C.[Tomcat].[localhost].[/] - Initializing Spring DispatcherServlet 'dispatcherServlet'
2025-11-12 22:33:05 [RMI TCP Connection(4)-127.0.0.1] INFO  o.s.web.servlet.DispatcherServlet - Initializing Servlet 'dispatcherServlet'
2025-11-12 22:33:05 [RMI TCP Connection(4)-127.0.0.1] INFO  o.s.web.servlet.DispatcherServlet - Completed initialization in 4 ms
2025-11-12 22:33:34 [scheduling-1] INFO  c.e.e.service.EmployeeScheduler - System running
2025-11-12 22:34:04 [scheduling-1] INFO  c.e.e.service.EmployeeScheduler - System running
2025-11-12 22:34:04 [scheduling-1] INFO  c.e.e.service.EmployeeScheduler - Tổng số nhân viên hiện tại: 5
2025-11-12 22:34:24 [File Watcher] INFO  o.s.b.d.a.LocalDevToolsAutoConfiguration$RestartingClassPathChangeChangedEventListener - Restarting due to 1 class path change (0 additions, 0 deletions, 1 modification)
2025-11-12 22:34:24 [Thread-5] INFO  o.s.b.w.e.tomcat.GracefulShutdown - Commencing graceful shutdown. Waiting for active requests to complete
2025-11-12 22:34:24 [tomcat-shutdown] INFO  o.a.coyote.http11.Http11NioProtocol - Pausing ProtocolHandler ["http-nio-8080"]
2025-11-12 22:34:24 [tomcat-shutdown] INFO  o.s.b.w.e.tomcat.GracefulShutdown - Graceful shutdown complete
2025-11-12 22:34:24 [Thread-5] INFO  o.a.coyote.http11.Http11NioProtocol - Stopping ProtocolHandler ["http-nio-8080"]
2025-11-12 22:34:24 [Thread-5] INFO  o.s.o.j.LocalContainerEntityManagerFactoryBean - Closing JPA EntityManagerFactory for persistence unit 'default'
2025-11-12 22:34:24 [Thread-5] INFO  com.zaxxer.hikari.HikariDataSource - HikariPool-1 - Shutdown initiated...
2025-11-12 22:34:24 [Thread-5] INFO  com.zaxxer.hikari.HikariDataSource - HikariPool-1 - Shutdown completed.
2025-11-12 22:34:24 [restartedMain] INFO  c.e.e.EmployeeManagementApplication - Starting EmployeeManagementApplication using Java 17.0.12 with PID 17652 (D:\InternJava\Miniproject\employee-management\target\classes started by toan in D:\InternJava\Miniproject\employee-management)
2025-11-12 22:34:24 [restartedMain] DEBUG c.e.e.EmployeeManagementApplication - Running with Spring Boot v3.5.7, Spring v6.2.12
2025-11-12 22:34:24 [restartedMain] INFO  c.e.e.EmployeeManagementApplication - The following 1 profile is active: "dev"
2025-11-12 22:34:25 [restartedMain] INFO  o.s.d.r.c.RepositoryConfigurationDelegate - Bootstrapping Spring Data JPA repositories in DEFAULT mode.
2025-11-12 22:34:25 [restartedMain] INFO  o.s.d.r.c.RepositoryConfigurationDelegate - Finished Spring Data repository scanning in 20 ms. Found 3 JPA repository interfaces.
2025-11-12 22:34:25 [restartedMain] INFO  o.s.b.w.e.tomcat.TomcatWebServer - Tomcat initialized with port 8080 (http)
2025-11-12 22:34:25 [restartedMain] INFO  o.a.coyote.http11.Http11NioProtocol - Initializing ProtocolHandler ["http-nio-8080"]
2025-11-12 22:34:25 [restartedMain] INFO  o.a.catalina.core.StandardService - Starting service [Tomcat]
2025-11-12 22:34:25 [restartedMain] INFO  o.a.catalina.core.StandardEngine - Starting Servlet engine: [Apache Tomcat/10.1.48]
2025-11-12 22:34:25 [restartedMain] INFO  o.a.c.c.C.[Tomcat].[localhost].[/] - Initializing Spring embedded WebApplicationContext
2025-11-12 22:34:25 [restartedMain] INFO  o.s.b.w.s.c.ServletWebServerApplicationContext - Root WebApplicationContext: initialization completed in 520 ms
2025-11-12 22:34:25 [restartedMain] INFO  o.h.jpa.internal.util.LogHelper - HHH000204: Processing PersistenceUnitInfo [name: default]
2025-11-12 22:34:25 [restartedMain] INFO  o.h.c.i.RegionFactoryInitiator - HHH000026: Second-level cache disabled
2025-11-12 22:34:25 [restartedMain] INFO  o.s.o.j.p.SpringPersistenceUnitInfo - No LoadTimeWeaver setup: ignoring JPA class transformer
2025-11-12 22:34:25 [restartedMain] INFO  com.zaxxer.hikari.HikariDataSource - HikariPool-2 - Starting...
2025-11-12 22:34:25 [restartedMain] INFO  com.zaxxer.hikari.pool.HikariPool - HikariPool-2 - Added connection com.mysql.cj.jdbc.ConnectionImpl@59edcbcc
2025-11-12 22:34:25 [restartedMain] INFO  com.zaxxer.hikari.HikariDataSource - HikariPool-2 - Start completed.
2025-11-12 22:34:25 [restartedMain] WARN  org.hibernate.orm.deprecation - HHH90000025: MySQL8Dialect does not need to be specified explicitly using 'hibernate.dialect' (remove the property setting and it will be selected by default)
2025-11-12 22:34:25 [restartedMain] WARN  org.hibernate.orm.deprecation - HHH90000026: MySQL8Dialect has been deprecated; use org.hibernate.dialect.MySQLDialect instead
2025-11-12 22:34:25 [restartedMain] INFO  o.hibernate.orm.connections.pooling - HHH10001005: Database info:
	Database JDBC URL [Connecting through datasource 'HikariDataSource (HikariPool-2)']
	Database driver: undefined/unknown
	Database version: 8.0
	Autocommit mode: undefined/unknown
	Isolation level: undefined/unknown
	Minimum pool size: undefined/unknown
	Maximum pool size: undefined/unknown
2025-11-12 22:34:25 [restartedMain] INFO  o.h.e.t.j.p.i.JtaPlatformInitiator - HHH000489: No JTA platform available (set 'hibernate.transaction.jta.platform' to enable JTA platform integration)
2025-11-12 22:34:25 [restartedMain] INFO  o.s.o.j.LocalContainerEntityManagerFactoryBean - Initialized JPA EntityManagerFactory for persistence unit 'default'
2025-11-12 22:34:25 [restartedMain] DEBUG c.e.e.config.JwtAuthenticationFilter - Filter 'jwtAuthenticationFilter' configured for use
2025-11-12 22:34:25 [restartedMain] WARN  o.s.b.a.o.j.JpaBaseConfiguration$JpaWebConfiguration - spring.jpa.open-in-view is enabled by default. Therefore, database queries may be performed during view rendering. Explicitly configure spring.jpa.open-in-view to disable this warning
2025-11-12 22:34:25 [restartedMain] INFO  o.s.s.c.a.a.c.InitializeUserDetailsBeanManagerConfigurer$InitializeUserDetailsManagerConfigurer - Global AuthenticationManager configured with UserDetailsService bean with name customUserDetailsService
2025-11-12 22:34:25 [restartedMain] INFO  o.s.b.a.e.web.EndpointLinksResolver - Exposing 13 endpoints beneath base path '/actuator'
2025-11-12 22:34:26 [restartedMain] INFO  o.s.b.d.a.OptionalLiveReloadServer - LiveReload server is running on port 35729
2025-11-12 22:34:26 [restartedMain] INFO  o.a.coyote.http11.Http11NioProtocol - Starting ProtocolHandler ["http-nio-8080"]
2025-11-12 22:34:26 [restartedMain] INFO  o.s.b.w.e.tomcat.TomcatWebServer - Tomcat started on port 8080 (http) with context path '/'
2025-11-12 22:34:26 [scheduling-1] INFO  c.e.e.service.EmployeeScheduler - System running
2025-11-12 22:34:26 [restartedMain] INFO  c.e.e.EmployeeManagementApplication - Started EmployeeManagementApplication in 1.578 seconds (process running for 97.733)
2025-11-12 22:34:26 [restartedMain] INFO  o.s.b.d.a.ConditionEvaluationDeltaLoggingListener - Condition evaluation unchanged
2025-11-12 22:34:26 [scheduling-1] INFO  c.e.e.service.EmployeeScheduler - Tổng số nhân viên hiện tại: 5
2025-11-12 22:34:56 [scheduling-1] INFO  c.e.e.service.EmployeeScheduler - System running
2025-11-12 22:35:26 [scheduling-1] INFO  c.e.e.service.EmployeeScheduler - System running
2025-11-12 22:35:26 [scheduling-1] INFO  c.e.e.service.EmployeeScheduler - Tổng số nhân viên hiện tại: 5
2025-11-12 22:35:42 [http-nio-8080-exec-1] INFO  o.a.c.c.C.[Tomcat].[localhost].[/] - Initializing Spring DispatcherServlet 'dispatcherServlet'
2025-11-12 22:35:42 [http-nio-8080-exec-1] INFO  o.s.web.servlet.DispatcherServlet - Initializing Servlet 'dispatcherServlet'
2025-11-12 22:35:42 [http-nio-8080-exec-1] INFO  o.s.web.servlet.DispatcherServlet - Completed initialization in 5 ms
2025-11-12 22:35:56 [scheduling-1] INFO  c.e.e.service.EmployeeScheduler - System running
2025-11-12 22:36:26 [scheduling-1] INFO  c.e.e.service.EmployeeScheduler - System running
2025-11-12 22:36:26 [scheduling-1] INFO  c.e.e.service.EmployeeScheduler - Tổng số nhân viên hiện tại: 5
2025-11-12 22:36:56 [scheduling-1] INFO  c.e.e.service.EmployeeScheduler - System running
2025-11-12 22:37:26 [scheduling-1] INFO  c.e.e.service.EmployeeScheduler - System running
2025-11-12 22:37:26 [scheduling-1] INFO  c.e.e.service.EmployeeScheduler - Tổng số nhân viên hiện tại: 5
2025-11-12 22:37:56 [scheduling-1] INFO  c.e.e.service.EmployeeScheduler - System running
2025-11-12 22:38:26 [scheduling-1] INFO  c.e.e.service.EmployeeScheduler - System running
2025-11-12 22:38:26 [scheduling-1] INFO  c.e.e.service.EmployeeScheduler - Tổng số nhân viên hiện tại: 5
2025-11-12 22:38:56 [scheduling-1] INFO  c.e.e.service.EmployeeScheduler - System running
2025-11-12 22:39:26 [scheduling-1] INFO  c.e.e.service.EmployeeScheduler - System running
2025-11-12 22:39:26 [scheduling-1] INFO  c.e.e.service.EmployeeScheduler - Tổng số nhân viên hiện tại: 5
2025-11-12 22:39:56 [scheduling-1] INFO  c.e.e.service.EmployeeScheduler - System running
2025-11-12 22:40:26 [scheduling-1] INFO  c.e.e.service.EmployeeScheduler - System running
2025-11-12 22:40:26 [scheduling-1] INFO  c.e.e.service.EmployeeScheduler - Tổng số nhân viên hiện tại: 5
2025-11-12 22:40:56 [scheduling-1] INFO  c.e.e.service.EmployeeScheduler - System running
2025-11-12 22:41:26 [scheduling-1] INFO  c.e.e.service.EmployeeScheduler - System running
2025-11-12 22:41:26 [scheduling-1] INFO  c.e.e.service.EmployeeScheduler - Tổng số nhân viên hiện tại: 5
2025-11-12 22:41:56 [scheduling-1] INFO  c.e.e.service.EmployeeScheduler - System running
2025-11-12 22:42:26 [scheduling-1] INFO  c.e.e.service.EmployeeScheduler - System running
2025-11-12 22:42:26 [scheduling-1] INFO  c.e.e.service.EmployeeScheduler - Tổng số nhân viên hiện tại: 5
2025-11-12 22:42:56 [scheduling-1] INFO  c.e.e.service.EmployeeScheduler - System running
2025-11-12 22:43:26 [scheduling-1] INFO  c.e.e.service.EmployeeScheduler - System running
2025-11-12 22:43:26 [scheduling-1] INFO  c.e.e.service.EmployeeScheduler - Tổng số nhân viên hiện tại: 5
2025-11-12 22:43:56 [scheduling-1] INFO  c.e.e.service.EmployeeScheduler - System running
2025-11-12 22:44:26 [scheduling-1] INFO  c.e.e.service.EmployeeScheduler - System running
2025-11-12 22:44:26 [scheduling-1] INFO  c.e.e.service.EmployeeScheduler - Tổng số nhân viên hiện tại: 5
2025-11-12 22:44:56 [scheduling-1] INFO  c.e.e.service.EmployeeScheduler - System running
2025-11-12 22:45:26 [scheduling-1] INFO  c.e.e.service.EmployeeScheduler - System running
2025-11-12 22:45:26 [scheduling-1] INFO  c.e.e.service.EmployeeScheduler - Tổng số nhân viên hiện tại: 5
2025-11-12 22:45:56 [scheduling-1] INFO  c.e.e.service.EmployeeScheduler - System running
2025-11-12 22:46:26 [scheduling-1] INFO  c.e.e.service.EmployeeScheduler - System running
2025-11-12 22:46:26 [scheduling-1] INFO  c.e.e.service.EmployeeScheduler - Tổng số nhân viên hiện tại: 5
2025-11-12 22:46:56 [scheduling-1] INFO  c.e.e.service.EmployeeScheduler - System running
2025-11-12 22:47:26 [scheduling-1] INFO  c.e.e.service.EmployeeScheduler - System running
2025-11-12 22:47:26 [scheduling-1] INFO  c.e.e.service.EmployeeScheduler - Tổng số nhân viên hiện tại: 5
2025-11-12 22:47:56 [scheduling-1] INFO  c.e.e.service.EmployeeScheduler - System running
2025-11-12 22:48:26 [scheduling-1] INFO  c.e.e.service.EmployeeScheduler - System running
2025-11-12 22:48:26 [scheduling-1] INFO  c.e.e.service.EmployeeScheduler - Tổng số nhân viên hiện tại: 5
2025-11-12 22:48:56 [scheduling-1] INFO  c.e.e.service.EmployeeScheduler - System running
2025-11-12 22:49:26 [scheduling-1] INFO  c.e.e.service.EmployeeScheduler - System running
2025-11-12 22:49:26 [scheduling-1] INFO  c.e.e.service.EmployeeScheduler - Tổng số nhân viên hiện tại: 5
2025-11-12 22:49:56 [scheduling-1] INFO  c.e.e.service.EmployeeScheduler - System running
2025-11-12 22:50:26 [scheduling-1] INFO  c.e.e.service.EmployeeScheduler - System running
2025-11-12 22:50:26 [scheduling-1] INFO  c.e.e.service.EmployeeScheduler - Tổng số nhân viên hiện tại: 5
2025-11-12 22:50:56 [scheduling-1] INFO  c.e.e.service.EmployeeScheduler - System running
2025-11-12 22:51:26 [scheduling-1] INFO  c.e.e.service.EmployeeScheduler - System running
2025-11-12 22:51:26 [scheduling-1] INFO  c.e.e.service.EmployeeScheduler - Tổng số nhân viên hiện tại: 5
2025-11-12 22:51:56 [scheduling-1] INFO  c.e.e.service.EmployeeScheduler - System running
2025-11-12 22:52:26 [scheduling-1] INFO  c.e.e.service.EmployeeScheduler - System running
2025-11-12 22:52:26 [scheduling-1] INFO  c.e.e.service.EmployeeScheduler - Tổng số nhân viên hiện tại: 5
2025-11-12 22:52:32 [RMI TCP Connection(25)-127.0.0.1] INFO  o.s.b.a.SpringApplicationAdminMXBeanRegistrar$SpringApplicationAdmin - Application shutdown requested.
2025-11-12 22:52:32 [RMI TCP Connection(25)-127.0.0.1] INFO  o.s.b.w.e.tomcat.GracefulShutdown - Commencing graceful shutdown. Waiting for active requests to complete
2025-11-12 22:52:32 [tomcat-shutdown] INFO  o.a.coyote.http11.Http11NioProtocol - Pausing ProtocolHandler ["http-nio-8080"]
2025-11-12 22:52:32 [tomcat-shutdown] INFO  o.s.b.w.e.tomcat.GracefulShutdown - Graceful shutdown complete
2025-11-12 22:52:32 [RMI TCP Connection(25)-127.0.0.1] INFO  o.a.coyote.http11.Http11NioProtocol - Stopping ProtocolHandler ["http-nio-8080"]
2025-11-12 22:52:32 [RMI TCP Connection(25)-127.0.0.1] INFO  o.s.o.j.LocalContainerEntityManagerFactoryBean - Closing JPA EntityManagerFactory for persistence unit 'default'
2025-11-12 22:52:32 [RMI TCP Connection(25)-127.0.0.1] INFO  com.zaxxer.hikari.HikariDataSource - HikariPool-2 - Shutdown initiated...
2025-11-12 22:52:32 [RMI TCP Connection(25)-127.0.0.1] INFO  com.zaxxer.hikari.HikariDataSource - HikariPool-2 - Shutdown completed.
